<?xml version="1.0" encoding="UTF-8"?>
<!-- Generated by org.testng.reporters.JUnitReportReporter -->
<testsuite hostname="DESKTOP-LUPK89I" failures="0" tests="1" name="RestTesting.TestingJunit" time="0.015" errors="0" timestamp="16 Mar 2022 05:58:55 GMT">
  <testcase classname="RestTesting.TestingJunit" name="testcase1" time="0.015"/>
</testsuite> <!-- RestTesting.TestingJunit -->
