<?xml version="1.0" encoding="UTF-8"?>
<!-- Generated by org.testng.reporters.JUnitReportReporter -->
<testsuite hostname="DESKTOP-LUPK89I" failures="0" tests="3" name="RestTesting.E_Commerce" time="8.772" errors="0" timestamp="16 Mar 2022 10:37:06 GMT">
  <testcase classname="RestTesting.E_Commerce" name="Login" time="4.002"/>
  <testcase classname="RestTesting.E_Commerce" name="DeleteUserById" time="1.871"/>
  <testcase classname="RestTesting.E_Commerce" name="GetAllUsers" time="2.899"/>
</testsuite> <!-- RestTesting.E_Commerce -->
