<?xml version="1.0" encoding="UTF-8"?>
<!-- Generated by org.testng.reporters.JUnitReportReporter -->
<testsuite hostname="DESKTOP-LUPK89I" failures="0" tests="3" name="RestTesting.E_Commerce" time="17.296" errors="0" timestamp="16 Mar 2022 04:59:21 GMT">
  <testcase classname="RestTesting.E_Commerce" name="GetAllUsers" time="2.924"/>
  <testcase classname="RestTesting.E_Commerce" name="DeleteUserById" time="1.941"/>
  <testcase classname="RestTesting.E_Commerce" name="Login" time="12.431"/>
</testsuite> <!-- RestTesting.E_Commerce -->
