<?xml version="1.0" encoding="UTF-8"?>
<!-- Generated by org.testng.reporters.JUnitReportReporter -->
<testsuite hostname="DESKTOP-LUPK89I" failures="0" tests="2" name="RestTesting.TestNG" time="0.009" errors="0" timestamp="15 Mar 2022 05:05:21 GMT">
  <testcase classname="RestTesting.TestNG" name="testcase1" time="0.006"/>
  <testcase classname="RestTesting.TestNG" name="testcase2" time="0.003"/>
</testsuite> <!-- RestTesting.TestNG -->
