<?xml version="1.0" encoding="UTF-8"?>
<!-- Generated by org.testng.reporters.JUnitReportReporter -->
<testsuite hostname="DESKTOP-LUPK89I" failures="0" tests="3" name="RestTesting.Trello" time="5.070" errors="0" timestamp="15 Mar 2022 07:42:02 GMT">
  <testcase classname="RestTesting.Trello" name="deleteBoard" time="0.760"/>
  <testcase classname="RestTesting.Trello" name="createBoard" time="3.546"/>
  <testcase classname="RestTesting.Trello" name="getBoard" time="0.764"/>
</testsuite> <!-- RestTesting.Trello -->
